D:\Angular + WEB.API\drinks-service-vs\drinks-service-vs\ClientApp\app\app.component.js
D:\Angular + WEB.API\drinks-service-vs\drinks-service-vs\ClientApp\app\app.component.js.map
D:\Angular + WEB.API\drinks-service-vs\drinks-service-vs\ClientApp\app\_models\drink.item.js
D:\Angular + WEB.API\drinks-service-vs\drinks-service-vs\ClientApp\app\_models\drink.item.js.map
D:\Angular + WEB.API\drinks-service-vs\drinks-service-vs\ClientApp\app\_models\tip.model.js
D:\Angular + WEB.API\drinks-service-vs\drinks-service-vs\ClientApp\app\_models\tip.model.js.map
D:\Angular + WEB.API\drinks-service-vs\drinks-service-vs\ClientApp\app\_models\vending.model.js
D:\Angular + WEB.API\drinks-service-vs\drinks-service-vs\ClientApp\app\_models\vending.model.js.map
D:\Angular + WEB.API\drinks-service-vs\drinks-service-vs\ClientApp\app\_services\http.service.js
D:\Angular + WEB.API\drinks-service-vs\drinks-service-vs\ClientApp\app\_services\http.service.js.map
D:\Angular + WEB.API\drinks-service-vs\drinks-service-vs\ClientApp\app\vending-block\vending-block.component.js
D:\Angular + WEB.API\drinks-service-vs\drinks-service-vs\ClientApp\app\vending-block\vending-block.component.js.map
D:\Angular + WEB.API\drinks-service-vs\drinks-service-vs\ClientApp\app\vending-block\drink-items\drink-items.component.js
D:\Angular + WEB.API\drinks-service-vs\drinks-service-vs\ClientApp\app\vending-block\drink-items\drink-items.component.js.map
D:\Angular + WEB.API\drinks-service-vs\drinks-service-vs\ClientApp\app\admin-block\admin-block.component.js
D:\Angular + WEB.API\drinks-service-vs\drinks-service-vs\ClientApp\app\admin-block\admin-block.component.js.map
D:\Angular + WEB.API\drinks-service-vs\drinks-service-vs\ClientApp\app\admin-block\config-block\config-block.component.js
D:\Angular + WEB.API\drinks-service-vs\drinks-service-vs\ClientApp\app\admin-block\config-block\config-block.component.js.map
D:\Angular + WEB.API\drinks-service-vs\drinks-service-vs\ClientApp\app\admin-block\edit-drinks-block\edit-drinks-block.component.js
D:\Angular + WEB.API\drinks-service-vs\drinks-service-vs\ClientApp\app\admin-block\edit-drinks-block\edit-drinks-block.component.js.map
D:\Angular + WEB.API\drinks-service-vs\drinks-service-vs\ClientApp\app\app.module.js
D:\Angular + WEB.API\drinks-service-vs\drinks-service-vs\ClientApp\app\app.module.js.map
D:\Angular + WEB.API\drinks-service-vs\drinks-service-vs\ClientApp\main.js
D:\Angular + WEB.API\drinks-service-vs\drinks-service-vs\ClientApp\main.js.map
D:\Angular + WEB.API\drinks-service-vs\drinks-service-vs\ClientApp\polyfills.js
D:\Angular + WEB.API\drinks-service-vs\drinks-service-vs\ClientApp\polyfills.js.map
